c:\workspace\iot_bbq\iot_bbq_stm32\visualgdb\debug\hx711.o
c:\workspace\iot_bbq\iot_bbq_stm32\visualgdb\debug\iot_bbq_stm32.o
c:\workspace\iot_bbq\iot_bbq_stm32\visualgdb\debug\system_stm32l4xx.o
c:\workspace\iot_bbq\iot_bbq_stm32\visualgdb\debug\hx711.dep
c:\workspace\iot_bbq\iot_bbq_stm32\visualgdb\debug\iot_bbq_stm32.dep
c:\workspace\iot_bbq\iot_bbq_stm32\visualgdb\debug\system_stm32l4xx.dep
c:\workspace\iot_bbq\iot_bbq_stm32\visualgdb\debug\iot_bbq_stm32.link.rsp
c:\workspace\iot_bbq\iot_bbq_stm32\visualgdb\debug\iot_bbq_stm32.bin
c:\workspace\iot_bbq\iot_bbq_stm32\visualgdb\debug\iot_bbq_stm32.alldeps
c:\workspace\iot_bbq\iot_bbq_stm32\visualgdb\debug\iot_bbq_stm32
c:\workspace\iot_bbq\iot_bbq_stm32\visualgdb\debug\hx711.gcc.rsp
c:\workspace\iot_bbq\iot_bbq_stm32\visualgdb\debug\iot_bbq_stm32.gcc.rsp
c:\workspace\iot_bbq\iot_bbq_stm32\visualgdb\debug\iot_bbq_stm32.mkbin.rsp
c:\workspace\iot_bbq\iot_bbq_stm32\visualgdb\debug\system_stm32l4xx.gcc.rsp
c:\workspace\iot_bbq\iot_bbq_stm32\visualgdb\debug\__bsp_root__\stm32l4xxxx\startupfiles\startup_stm32l475xx.o
c:\workspace\iot_bbq\iot_bbq_stm32\visualgdb\debug\__bsp_root__\stm32l4xxxx\startupfiles\startup_stm32l475xx.dep
c:\workspace\iot_bbq\iot_bbq_stm32\visualgdb\debug\__bsp_root__\stm32l4xxxx\startupfiles\startup_stm32l475xx.gcc.rsp
c:\workspace\iot_bbq\iot_bbq_stm32\visualgdb\debug\__bsp_root__\freertos\source\croutine.o
c:\workspace\iot_bbq\iot_bbq_stm32\visualgdb\debug\__bsp_root__\freertos\source\event_groups.o
c:\workspace\iot_bbq\iot_bbq_stm32\visualgdb\debug\__bsp_root__\freertos\source\list.o
c:\workspace\iot_bbq\iot_bbq_stm32\visualgdb\debug\__bsp_root__\freertos\source\queue.o
c:\workspace\iot_bbq\iot_bbq_stm32\visualgdb\debug\__bsp_root__\freertos\source\stream_buffer.o
c:\workspace\iot_bbq\iot_bbq_stm32\visualgdb\debug\__bsp_root__\freertos\source\tasks.o
c:\workspace\iot_bbq\iot_bbq_stm32\visualgdb\debug\__bsp_root__\freertos\source\timers.o
c:\workspace\iot_bbq\iot_bbq_stm32\visualgdb\debug\__bsp_root__\freertos\source\croutine.dep
c:\workspace\iot_bbq\iot_bbq_stm32\visualgdb\debug\__bsp_root__\freertos\source\event_groups.dep
c:\workspace\iot_bbq\iot_bbq_stm32\visualgdb\debug\__bsp_root__\freertos\source\list.dep
c:\workspace\iot_bbq\iot_bbq_stm32\visualgdb\debug\__bsp_root__\freertos\source\queue.dep
c:\workspace\iot_bbq\iot_bbq_stm32\visualgdb\debug\__bsp_root__\freertos\source\stream_buffer.dep
c:\workspace\iot_bbq\iot_bbq_stm32\visualgdb\debug\__bsp_root__\freertos\source\tasks.dep
c:\workspace\iot_bbq\iot_bbq_stm32\visualgdb\debug\__bsp_root__\freertos\source\timers.dep
c:\workspace\iot_bbq\iot_bbq_stm32\visualgdb\debug\__bsp_root__\freertos\source\croutine.gcc.rsp
c:\workspace\iot_bbq\iot_bbq_stm32\visualgdb\debug\__bsp_root__\freertos\source\event_groups.gcc.rsp
c:\workspace\iot_bbq\iot_bbq_stm32\visualgdb\debug\__bsp_root__\freertos\source\list.gcc.rsp
c:\workspace\iot_bbq\iot_bbq_stm32\visualgdb\debug\__bsp_root__\freertos\source\queue.gcc.rsp
c:\workspace\iot_bbq\iot_bbq_stm32\visualgdb\debug\__bsp_root__\freertos\source\stream_buffer.gcc.rsp
c:\workspace\iot_bbq\iot_bbq_stm32\visualgdb\debug\__bsp_root__\freertos\source\tasks.gcc.rsp
c:\workspace\iot_bbq\iot_bbq_stm32\visualgdb\debug\__bsp_root__\freertos\source\timers.gcc.rsp
c:\workspace\iot_bbq\iot_bbq_stm32\visualgdb\debug\__bsp_root__\freertos\source\cmsis_rtos\cmsis_os.o
c:\workspace\iot_bbq\iot_bbq_stm32\visualgdb\debug\__bsp_root__\freertos\source\cmsis_rtos\cmsis_os.dep
c:\workspace\iot_bbq\iot_bbq_stm32\visualgdb\debug\__bsp_root__\freertos\source\cmsis_rtos\cmsis_os.gcc.rsp
c:\workspace\iot_bbq\iot_bbq_stm32\visualgdb\debug\__bsp_root__\freertos\source\portable\gcc\arm_cm3\port.o
c:\workspace\iot_bbq\iot_bbq_stm32\visualgdb\debug\__bsp_root__\freertos\source\portable\gcc\arm_cm3\port.dep
c:\workspace\iot_bbq\iot_bbq_stm32\visualgdb\debug\__bsp_root__\freertos\source\portable\gcc\arm_cm3\port.gcc.rsp
c:\workspace\iot_bbq\iot_bbq_stm32\visualgdb\debug\__bsp_root__\freertos\source\portable\memmang\heap_4.o
c:\workspace\iot_bbq\iot_bbq_stm32\visualgdb\debug\__bsp_root__\freertos\source\portable\memmang\heap_4.dep
c:\workspace\iot_bbq\iot_bbq_stm32\visualgdb\debug\__bsp_root__\freertos\source\portable\memmang\heap_4.gcc.rsp
c:\workspace\iot_bbq\iot_bbq_stm32\visualgdb\debug\__bsp_root__\stm32l4xxxx\stm32l4xx_hal_driver\src\stm32l4xx_hal.o
c:\workspace\iot_bbq\iot_bbq_stm32\visualgdb\debug\__bsp_root__\stm32l4xxxx\stm32l4xx_hal_driver\src\stm32l4xx_hal_adc.o
c:\workspace\iot_bbq\iot_bbq_stm32\visualgdb\debug\__bsp_root__\stm32l4xxxx\stm32l4xx_hal_driver\src\stm32l4xx_hal_adc_ex.o
c:\workspace\iot_bbq\iot_bbq_stm32\visualgdb\debug\__bsp_root__\stm32l4xxxx\stm32l4xx_hal_driver\src\stm32l4xx_hal_can.o
c:\workspace\iot_bbq\iot_bbq_stm32\visualgdb\debug\__bsp_root__\stm32l4xxxx\stm32l4xx_hal_driver\src\stm32l4xx_hal_comp.o
c:\workspace\iot_bbq\iot_bbq_stm32\visualgdb\debug\__bsp_root__\stm32l4xxxx\stm32l4xx_hal_driver\src\stm32l4xx_hal_cortex.o
c:\workspace\iot_bbq\iot_bbq_stm32\visualgdb\debug\__bsp_root__\stm32l4xxxx\stm32l4xx_hal_driver\src\stm32l4xx_hal_crc.o
c:\workspace\iot_bbq\iot_bbq_stm32\visualgdb\debug\__bsp_root__\stm32l4xxxx\stm32l4xx_hal_driver\src\stm32l4xx_hal_crc_ex.o
c:\workspace\iot_bbq\iot_bbq_stm32\visualgdb\debug\__bsp_root__\stm32l4xxxx\stm32l4xx_hal_driver\src\stm32l4xx_hal_cryp.o
c:\workspace\iot_bbq\iot_bbq_stm32\visualgdb\debug\__bsp_root__\stm32l4xxxx\stm32l4xx_hal_driver\src\stm32l4xx_hal_cryp_ex.o
c:\workspace\iot_bbq\iot_bbq_stm32\visualgdb\debug\__bsp_root__\stm32l4xxxx\stm32l4xx_hal_driver\src\stm32l4xx_hal_dac.o
c:\workspace\iot_bbq\iot_bbq_stm32\visualgdb\debug\__bsp_root__\stm32l4xxxx\stm32l4xx_hal_driver\src\stm32l4xx_hal_dac_ex.o
c:\workspace\iot_bbq\iot_bbq_stm32\visualgdb\debug\__bsp_root__\stm32l4xxxx\stm32l4xx_hal_driver\src\stm32l4xx_hal_dcmi.o
c:\workspace\iot_bbq\iot_bbq_stm32\visualgdb\debug\__bsp_root__\stm32l4xxxx\stm32l4xx_hal_driver\src\stm32l4xx_hal_dfsdm.o
c:\workspace\iot_bbq\iot_bbq_stm32\visualgdb\debug\__bsp_root__\stm32l4xxxx\stm32l4xx_hal_driver\src\stm32l4xx_hal_dfsdm_ex.o
c:\workspace\iot_bbq\iot_bbq_stm32\visualgdb\debug\__bsp_root__\stm32l4xxxx\stm32l4xx_hal_driver\src\stm32l4xx_hal_dma.o
c:\workspace\iot_bbq\iot_bbq_stm32\visualgdb\debug\__bsp_root__\stm32l4xxxx\stm32l4xx_hal_driver\src\stm32l4xx_hal_dma2d.o
c:\workspace\iot_bbq\iot_bbq_stm32\visualgdb\debug\__bsp_root__\stm32l4xxxx\stm32l4xx_hal_driver\src\stm32l4xx_hal_dma_ex.o
c:\workspace\iot_bbq\iot_bbq_stm32\visualgdb\debug\__bsp_root__\stm32l4xxxx\stm32l4xx_hal_driver\src\stm32l4xx_hal_dsi.o
c:\workspace\iot_bbq\iot_bbq_stm32\visualgdb\debug\__bsp_root__\stm32l4xxxx\stm32l4xx_hal_driver\src\stm32l4xx_hal_exti.o
c:\workspace\iot_bbq\iot_bbq_stm32\visualgdb\debug\__bsp_root__\stm32l4xxxx\stm32l4xx_hal_driver\src\stm32l4xx_hal_firewall.o
c:\workspace\iot_bbq\iot_bbq_stm32\visualgdb\debug\__bsp_root__\stm32l4xxxx\stm32l4xx_hal_driver\src\stm32l4xx_hal_flash.o
c:\workspace\iot_bbq\iot_bbq_stm32\visualgdb\debug\__bsp_root__\stm32l4xxxx\stm32l4xx_hal_driver\src\stm32l4xx_hal_flash_ex.o
c:\workspace\iot_bbq\iot_bbq_stm32\visualgdb\debug\__bsp_root__\stm32l4xxxx\stm32l4xx_hal_driver\src\stm32l4xx_hal_flash_ramfunc.o
c:\workspace\iot_bbq\iot_bbq_stm32\visualgdb\debug\__bsp_root__\stm32l4xxxx\stm32l4xx_hal_driver\src\stm32l4xx_hal_gfxmmu.o
c:\workspace\iot_bbq\iot_bbq_stm32\visualgdb\debug\__bsp_root__\stm32l4xxxx\stm32l4xx_hal_driver\src\stm32l4xx_hal_gpio.o
c:\workspace\iot_bbq\iot_bbq_stm32\visualgdb\debug\__bsp_root__\stm32l4xxxx\stm32l4xx_hal_driver\src\stm32l4xx_hal_hash.o
c:\workspace\iot_bbq\iot_bbq_stm32\visualgdb\debug\__bsp_root__\stm32l4xxxx\stm32l4xx_hal_driver\src\stm32l4xx_hal_hash_ex.o
c:\workspace\iot_bbq\iot_bbq_stm32\visualgdb\debug\__bsp_root__\stm32l4xxxx\stm32l4xx_hal_driver\src\stm32l4xx_hal_hcd.o
c:\workspace\iot_bbq\iot_bbq_stm32\visualgdb\debug\__bsp_root__\stm32l4xxxx\stm32l4xx_hal_driver\src\stm32l4xx_hal_i2c.o
c:\workspace\iot_bbq\iot_bbq_stm32\visualgdb\debug\__bsp_root__\stm32l4xxxx\stm32l4xx_hal_driver\src\stm32l4xx_hal_i2c_ex.o
c:\workspace\iot_bbq\iot_bbq_stm32\visualgdb\debug\__bsp_root__\stm32l4xxxx\stm32l4xx_hal_driver\src\stm32l4xx_hal_irda.o
c:\workspace\iot_bbq\iot_bbq_stm32\visualgdb\debug\__bsp_root__\stm32l4xxxx\stm32l4xx_hal_driver\src\stm32l4xx_hal_iwdg.o
c:\workspace\iot_bbq\iot_bbq_stm32\visualgdb\debug\__bsp_root__\stm32l4xxxx\stm32l4xx_hal_driver\src\stm32l4xx_hal_lcd.o
c:\workspace\iot_bbq\iot_bbq_stm32\visualgdb\debug\__bsp_root__\stm32l4xxxx\stm32l4xx_hal_driver\src\stm32l4xx_hal_lptim.o
c:\workspace\iot_bbq\iot_bbq_stm32\visualgdb\debug\__bsp_root__\stm32l4xxxx\stm32l4xx_hal_driver\src\stm32l4xx_hal_ltdc.o
c:\workspace\iot_bbq\iot_bbq_stm32\visualgdb\debug\__bsp_root__\stm32l4xxxx\stm32l4xx_hal_driver\src\stm32l4xx_hal_ltdc_ex.o
c:\workspace\iot_bbq\iot_bbq_stm32\visualgdb\debug\__bsp_root__\stm32l4xxxx\stm32l4xx_hal_driver\src\stm32l4xx_hal_mmc.o
c:\workspace\iot_bbq\iot_bbq_stm32\visualgdb\debug\__bsp_root__\stm32l4xxxx\stm32l4xx_hal_driver\src\stm32l4xx_hal_mmc_ex.o
c:\workspace\iot_bbq\iot_bbq_stm32\visualgdb\debug\__bsp_root__\stm32l4xxxx\stm32l4xx_hal_driver\src\stm32l4xx_hal_nand.o
c:\workspace\iot_bbq\iot_bbq_stm32\visualgdb\debug\__bsp_root__\stm32l4xxxx\stm32l4xx_hal_driver\src\stm32l4xx_hal_nor.o
c:\workspace\iot_bbq\iot_bbq_stm32\visualgdb\debug\__bsp_root__\stm32l4xxxx\stm32l4xx_hal_driver\src\stm32l4xx_hal_opamp.o
c:\workspace\iot_bbq\iot_bbq_stm32\visualgdb\debug\__bsp_root__\stm32l4xxxx\stm32l4xx_hal_driver\src\stm32l4xx_hal_opamp_ex.o
c:\workspace\iot_bbq\iot_bbq_stm32\visualgdb\debug\__bsp_root__\stm32l4xxxx\stm32l4xx_hal_driver\src\stm32l4xx_hal_ospi.o
c:\workspace\iot_bbq\iot_bbq_stm32\visualgdb\debug\__bsp_root__\stm32l4xxxx\stm32l4xx_hal_driver\src\stm32l4xx_hal_pcd.o
c:\workspace\iot_bbq\iot_bbq_stm32\visualgdb\debug\__bsp_root__\stm32l4xxxx\stm32l4xx_hal_driver\src\stm32l4xx_hal_pcd_ex.o
c:\workspace\iot_bbq\iot_bbq_stm32\visualgdb\debug\__bsp_root__\stm32l4xxxx\stm32l4xx_hal_driver\src\stm32l4xx_hal_pka.o
c:\workspace\iot_bbq\iot_bbq_stm32\visualgdb\debug\__bsp_root__\stm32l4xxxx\stm32l4xx_hal_driver\src\stm32l4xx_hal_pssi.o
c:\workspace\iot_bbq\iot_bbq_stm32\visualgdb\debug\__bsp_root__\stm32l4xxxx\stm32l4xx_hal_driver\src\stm32l4xx_hal_pwr.o
c:\workspace\iot_bbq\iot_bbq_stm32\visualgdb\debug\__bsp_root__\stm32l4xxxx\stm32l4xx_hal_driver\src\stm32l4xx_hal_pwr_ex.o
c:\workspace\iot_bbq\iot_bbq_stm32\visualgdb\debug\__bsp_root__\stm32l4xxxx\stm32l4xx_hal_driver\src\stm32l4xx_hal_qspi.o
c:\workspace\iot_bbq\iot_bbq_stm32\visualgdb\debug\__bsp_root__\stm32l4xxxx\stm32l4xx_hal_driver\src\stm32l4xx_hal_rcc.o
c:\workspace\iot_bbq\iot_bbq_stm32\visualgdb\debug\__bsp_root__\stm32l4xxxx\stm32l4xx_hal_driver\src\stm32l4xx_hal_rcc_ex.o
c:\workspace\iot_bbq\iot_bbq_stm32\visualgdb\debug\__bsp_root__\stm32l4xxxx\stm32l4xx_hal_driver\src\stm32l4xx_hal_rng.o
c:\workspace\iot_bbq\iot_bbq_stm32\visualgdb\debug\__bsp_root__\stm32l4xxxx\stm32l4xx_hal_driver\src\stm32l4xx_hal_rng_ex.o
c:\workspace\iot_bbq\iot_bbq_stm32\visualgdb\debug\__bsp_root__\stm32l4xxxx\stm32l4xx_hal_driver\src\stm32l4xx_hal_rtc.o
c:\workspace\iot_bbq\iot_bbq_stm32\visualgdb\debug\__bsp_root__\stm32l4xxxx\stm32l4xx_hal_driver\src\stm32l4xx_hal_rtc_ex.o
c:\workspace\iot_bbq\iot_bbq_stm32\visualgdb\debug\__bsp_root__\stm32l4xxxx\stm32l4xx_hal_driver\src\stm32l4xx_hal_sai.o
c:\workspace\iot_bbq\iot_bbq_stm32\visualgdb\debug\__bsp_root__\stm32l4xxxx\stm32l4xx_hal_driver\src\stm32l4xx_hal_sai_ex.o
c:\workspace\iot_bbq\iot_bbq_stm32\visualgdb\debug\__bsp_root__\stm32l4xxxx\stm32l4xx_hal_driver\src\stm32l4xx_hal_sd.o
c:\workspace\iot_bbq\iot_bbq_stm32\visualgdb\debug\__bsp_root__\stm32l4xxxx\stm32l4xx_hal_driver\src\stm32l4xx_hal_sd_ex.o
c:\workspace\iot_bbq\iot_bbq_stm32\visualgdb\debug\__bsp_root__\stm32l4xxxx\stm32l4xx_hal_driver\src\stm32l4xx_hal_smartcard.o
c:\workspace\iot_bbq\iot_bbq_stm32\visualgdb\debug\__bsp_root__\stm32l4xxxx\stm32l4xx_hal_driver\src\stm32l4xx_hal_smartcard_ex.o
c:\workspace\iot_bbq\iot_bbq_stm32\visualgdb\debug\__bsp_root__\stm32l4xxxx\stm32l4xx_hal_driver\src\stm32l4xx_hal_smbus.o
c:\workspace\iot_bbq\iot_bbq_stm32\visualgdb\debug\__bsp_root__\stm32l4xxxx\stm32l4xx_hal_driver\src\stm32l4xx_hal_spi.o
c:\workspace\iot_bbq\iot_bbq_stm32\visualgdb\debug\__bsp_root__\stm32l4xxxx\stm32l4xx_hal_driver\src\stm32l4xx_hal_spi_ex.o
c:\workspace\iot_bbq\iot_bbq_stm32\visualgdb\debug\__bsp_root__\stm32l4xxxx\stm32l4xx_hal_driver\src\stm32l4xx_hal_sram.o
c:\workspace\iot_bbq\iot_bbq_stm32\visualgdb\debug\__bsp_root__\stm32l4xxxx\stm32l4xx_hal_driver\src\stm32l4xx_hal_swpmi.o
c:\workspace\iot_bbq\iot_bbq_stm32\visualgdb\debug\__bsp_root__\stm32l4xxxx\stm32l4xx_hal_driver\src\stm32l4xx_hal_tim.o
c:\workspace\iot_bbq\iot_bbq_stm32\visualgdb\debug\__bsp_root__\stm32l4xxxx\stm32l4xx_hal_driver\src\stm32l4xx_hal_tim_ex.o
c:\workspace\iot_bbq\iot_bbq_stm32\visualgdb\debug\__bsp_root__\stm32l4xxxx\stm32l4xx_hal_driver\src\stm32l4xx_hal_tsc.o
c:\workspace\iot_bbq\iot_bbq_stm32\visualgdb\debug\__bsp_root__\stm32l4xxxx\stm32l4xx_hal_driver\src\stm32l4xx_hal_uart.o
c:\workspace\iot_bbq\iot_bbq_stm32\visualgdb\debug\__bsp_root__\stm32l4xxxx\stm32l4xx_hal_driver\src\stm32l4xx_hal_uart_ex.o
c:\workspace\iot_bbq\iot_bbq_stm32\visualgdb\debug\__bsp_root__\stm32l4xxxx\stm32l4xx_hal_driver\src\stm32l4xx_hal_usart.o
c:\workspace\iot_bbq\iot_bbq_stm32\visualgdb\debug\__bsp_root__\stm32l4xxxx\stm32l4xx_hal_driver\src\stm32l4xx_hal_usart_ex.o
c:\workspace\iot_bbq\iot_bbq_stm32\visualgdb\debug\__bsp_root__\stm32l4xxxx\stm32l4xx_hal_driver\src\stm32l4xx_hal_wwdg.o
c:\workspace\iot_bbq\iot_bbq_stm32\visualgdb\debug\__bsp_root__\stm32l4xxxx\stm32l4xx_hal_driver\src\stm32l4xx_ll_adc.o
c:\workspace\iot_bbq\iot_bbq_stm32\visualgdb\debug\__bsp_root__\stm32l4xxxx\stm32l4xx_hal_driver\src\stm32l4xx_ll_comp.o
c:\workspace\iot_bbq\iot_bbq_stm32\visualgdb\debug\__bsp_root__\stm32l4xxxx\stm32l4xx_hal_driver\src\stm32l4xx_ll_crc.o
c:\workspace\iot_bbq\iot_bbq_stm32\visualgdb\debug\__bsp_root__\stm32l4xxxx\stm32l4xx_hal_driver\src\stm32l4xx_ll_crs.o
c:\workspace\iot_bbq\iot_bbq_stm32\visualgdb\debug\__bsp_root__\stm32l4xxxx\stm32l4xx_hal_driver\src\stm32l4xx_ll_dac.o
c:\workspace\iot_bbq\iot_bbq_stm32\visualgdb\debug\__bsp_root__\stm32l4xxxx\stm32l4xx_hal_driver\src\stm32l4xx_ll_dma.o
c:\workspace\iot_bbq\iot_bbq_stm32\visualgdb\debug\__bsp_root__\stm32l4xxxx\stm32l4xx_hal_driver\src\stm32l4xx_ll_dma2d.o
c:\workspace\iot_bbq\iot_bbq_stm32\visualgdb\debug\__bsp_root__\stm32l4xxxx\stm32l4xx_hal_driver\src\stm32l4xx_ll_exti.o
c:\workspace\iot_bbq\iot_bbq_stm32\visualgdb\debug\__bsp_root__\stm32l4xxxx\stm32l4xx_hal_driver\src\stm32l4xx_ll_fmc.o
c:\workspace\iot_bbq\iot_bbq_stm32\visualgdb\debug\__bsp_root__\stm32l4xxxx\stm32l4xx_hal_driver\src\stm32l4xx_ll_gpio.o
c:\workspace\iot_bbq\iot_bbq_stm32\visualgdb\debug\__bsp_root__\stm32l4xxxx\stm32l4xx_hal_driver\src\stm32l4xx_ll_i2c.o
c:\workspace\iot_bbq\iot_bbq_stm32\visualgdb\debug\__bsp_root__\stm32l4xxxx\stm32l4xx_hal_driver\src\stm32l4xx_ll_lptim.o
c:\workspace\iot_bbq\iot_bbq_stm32\visualgdb\debug\__bsp_root__\stm32l4xxxx\stm32l4xx_hal_driver\src\stm32l4xx_ll_lpuart.o
c:\workspace\iot_bbq\iot_bbq_stm32\visualgdb\debug\__bsp_root__\stm32l4xxxx\stm32l4xx_hal_driver\src\stm32l4xx_ll_opamp.o
c:\workspace\iot_bbq\iot_bbq_stm32\visualgdb\debug\__bsp_root__\stm32l4xxxx\stm32l4xx_hal_driver\src\stm32l4xx_ll_pka.o
c:\workspace\iot_bbq\iot_bbq_stm32\visualgdb\debug\__bsp_root__\stm32l4xxxx\stm32l4xx_hal_driver\src\stm32l4xx_ll_pwr.o
c:\workspace\iot_bbq\iot_bbq_stm32\visualgdb\debug\__bsp_root__\stm32l4xxxx\stm32l4xx_hal_driver\src\stm32l4xx_ll_rcc.o
c:\workspace\iot_bbq\iot_bbq_stm32\visualgdb\debug\__bsp_root__\stm32l4xxxx\stm32l4xx_hal_driver\src\stm32l4xx_ll_rng.o
c:\workspace\iot_bbq\iot_bbq_stm32\visualgdb\debug\__bsp_root__\stm32l4xxxx\stm32l4xx_hal_driver\src\stm32l4xx_ll_rtc.o
c:\workspace\iot_bbq\iot_bbq_stm32\visualgdb\debug\__bsp_root__\stm32l4xxxx\stm32l4xx_hal_driver\src\stm32l4xx_ll_sdmmc.o
c:\workspace\iot_bbq\iot_bbq_stm32\visualgdb\debug\__bsp_root__\stm32l4xxxx\stm32l4xx_hal_driver\src\stm32l4xx_ll_spi.o
c:\workspace\iot_bbq\iot_bbq_stm32\visualgdb\debug\__bsp_root__\stm32l4xxxx\stm32l4xx_hal_driver\src\stm32l4xx_ll_swpmi.o
c:\workspace\iot_bbq\iot_bbq_stm32\visualgdb\debug\__bsp_root__\stm32l4xxxx\stm32l4xx_hal_driver\src\stm32l4xx_ll_tim.o
c:\workspace\iot_bbq\iot_bbq_stm32\visualgdb\debug\__bsp_root__\stm32l4xxxx\stm32l4xx_hal_driver\src\stm32l4xx_ll_usart.o
c:\workspace\iot_bbq\iot_bbq_stm32\visualgdb\debug\__bsp_root__\stm32l4xxxx\stm32l4xx_hal_driver\src\stm32l4xx_ll_usb.o
c:\workspace\iot_bbq\iot_bbq_stm32\visualgdb\debug\__bsp_root__\stm32l4xxxx\stm32l4xx_hal_driver\src\stm32l4xx_ll_utils.o
c:\workspace\iot_bbq\iot_bbq_stm32\visualgdb\debug\__bsp_root__\stm32l4xxxx\stm32l4xx_hal_driver\src\stm32l4xx_hal.dep
c:\workspace\iot_bbq\iot_bbq_stm32\visualgdb\debug\__bsp_root__\stm32l4xxxx\stm32l4xx_hal_driver\src\stm32l4xx_hal_adc.dep
c:\workspace\iot_bbq\iot_bbq_stm32\visualgdb\debug\__bsp_root__\stm32l4xxxx\stm32l4xx_hal_driver\src\stm32l4xx_hal_adc_ex.dep
c:\workspace\iot_bbq\iot_bbq_stm32\visualgdb\debug\__bsp_root__\stm32l4xxxx\stm32l4xx_hal_driver\src\stm32l4xx_hal_can.dep
c:\workspace\iot_bbq\iot_bbq_stm32\visualgdb\debug\__bsp_root__\stm32l4xxxx\stm32l4xx_hal_driver\src\stm32l4xx_hal_comp.dep
c:\workspace\iot_bbq\iot_bbq_stm32\visualgdb\debug\__bsp_root__\stm32l4xxxx\stm32l4xx_hal_driver\src\stm32l4xx_hal_cortex.dep
c:\workspace\iot_bbq\iot_bbq_stm32\visualgdb\debug\__bsp_root__\stm32l4xxxx\stm32l4xx_hal_driver\src\stm32l4xx_hal_crc.dep
c:\workspace\iot_bbq\iot_bbq_stm32\visualgdb\debug\__bsp_root__\stm32l4xxxx\stm32l4xx_hal_driver\src\stm32l4xx_hal_crc_ex.dep
c:\workspace\iot_bbq\iot_bbq_stm32\visualgdb\debug\__bsp_root__\stm32l4xxxx\stm32l4xx_hal_driver\src\stm32l4xx_hal_cryp.dep
c:\workspace\iot_bbq\iot_bbq_stm32\visualgdb\debug\__bsp_root__\stm32l4xxxx\stm32l4xx_hal_driver\src\stm32l4xx_hal_cryp_ex.dep
c:\workspace\iot_bbq\iot_bbq_stm32\visualgdb\debug\__bsp_root__\stm32l4xxxx\stm32l4xx_hal_driver\src\stm32l4xx_hal_dac.dep
c:\workspace\iot_bbq\iot_bbq_stm32\visualgdb\debug\__bsp_root__\stm32l4xxxx\stm32l4xx_hal_driver\src\stm32l4xx_hal_dac_ex.dep
c:\workspace\iot_bbq\iot_bbq_stm32\visualgdb\debug\__bsp_root__\stm32l4xxxx\stm32l4xx_hal_driver\src\stm32l4xx_hal_dcmi.dep
c:\workspace\iot_bbq\iot_bbq_stm32\visualgdb\debug\__bsp_root__\stm32l4xxxx\stm32l4xx_hal_driver\src\stm32l4xx_hal_dfsdm.dep
c:\workspace\iot_bbq\iot_bbq_stm32\visualgdb\debug\__bsp_root__\stm32l4xxxx\stm32l4xx_hal_driver\src\stm32l4xx_hal_dfsdm_ex.dep
c:\workspace\iot_bbq\iot_bbq_stm32\visualgdb\debug\__bsp_root__\stm32l4xxxx\stm32l4xx_hal_driver\src\stm32l4xx_hal_dma.dep
c:\workspace\iot_bbq\iot_bbq_stm32\visualgdb\debug\__bsp_root__\stm32l4xxxx\stm32l4xx_hal_driver\src\stm32l4xx_hal_dma2d.dep
c:\workspace\iot_bbq\iot_bbq_stm32\visualgdb\debug\__bsp_root__\stm32l4xxxx\stm32l4xx_hal_driver\src\stm32l4xx_hal_dma_ex.dep
c:\workspace\iot_bbq\iot_bbq_stm32\visualgdb\debug\__bsp_root__\stm32l4xxxx\stm32l4xx_hal_driver\src\stm32l4xx_hal_dsi.dep
c:\workspace\iot_bbq\iot_bbq_stm32\visualgdb\debug\__bsp_root__\stm32l4xxxx\stm32l4xx_hal_driver\src\stm32l4xx_hal_exti.dep
c:\workspace\iot_bbq\iot_bbq_stm32\visualgdb\debug\__bsp_root__\stm32l4xxxx\stm32l4xx_hal_driver\src\stm32l4xx_hal_firewall.dep
c:\workspace\iot_bbq\iot_bbq_stm32\visualgdb\debug\__bsp_root__\stm32l4xxxx\stm32l4xx_hal_driver\src\stm32l4xx_hal_flash.dep
c:\workspace\iot_bbq\iot_bbq_stm32\visualgdb\debug\__bsp_root__\stm32l4xxxx\stm32l4xx_hal_driver\src\stm32l4xx_hal_flash_ex.dep
c:\workspace\iot_bbq\iot_bbq_stm32\visualgdb\debug\__bsp_root__\stm32l4xxxx\stm32l4xx_hal_driver\src\stm32l4xx_hal_flash_ramfunc.dep
c:\workspace\iot_bbq\iot_bbq_stm32\visualgdb\debug\__bsp_root__\stm32l4xxxx\stm32l4xx_hal_driver\src\stm32l4xx_hal_gfxmmu.dep
c:\workspace\iot_bbq\iot_bbq_stm32\visualgdb\debug\__bsp_root__\stm32l4xxxx\stm32l4xx_hal_driver\src\stm32l4xx_hal_gpio.dep
c:\workspace\iot_bbq\iot_bbq_stm32\visualgdb\debug\__bsp_root__\stm32l4xxxx\stm32l4xx_hal_driver\src\stm32l4xx_hal_hash.dep
c:\workspace\iot_bbq\iot_bbq_stm32\visualgdb\debug\__bsp_root__\stm32l4xxxx\stm32l4xx_hal_driver\src\stm32l4xx_hal_hash_ex.dep
c:\workspace\iot_bbq\iot_bbq_stm32\visualgdb\debug\__bsp_root__\stm32l4xxxx\stm32l4xx_hal_driver\src\stm32l4xx_hal_hcd.dep
c:\workspace\iot_bbq\iot_bbq_stm32\visualgdb\debug\__bsp_root__\stm32l4xxxx\stm32l4xx_hal_driver\src\stm32l4xx_hal_i2c.dep
c:\workspace\iot_bbq\iot_bbq_stm32\visualgdb\debug\__bsp_root__\stm32l4xxxx\stm32l4xx_hal_driver\src\stm32l4xx_hal_i2c_ex.dep
c:\workspace\iot_bbq\iot_bbq_stm32\visualgdb\debug\__bsp_root__\stm32l4xxxx\stm32l4xx_hal_driver\src\stm32l4xx_hal_irda.dep
c:\workspace\iot_bbq\iot_bbq_stm32\visualgdb\debug\__bsp_root__\stm32l4xxxx\stm32l4xx_hal_driver\src\stm32l4xx_hal_iwdg.dep
c:\workspace\iot_bbq\iot_bbq_stm32\visualgdb\debug\__bsp_root__\stm32l4xxxx\stm32l4xx_hal_driver\src\stm32l4xx_hal_lcd.dep
c:\workspace\iot_bbq\iot_bbq_stm32\visualgdb\debug\__bsp_root__\stm32l4xxxx\stm32l4xx_hal_driver\src\stm32l4xx_hal_lptim.dep
c:\workspace\iot_bbq\iot_bbq_stm32\visualgdb\debug\__bsp_root__\stm32l4xxxx\stm32l4xx_hal_driver\src\stm32l4xx_hal_ltdc.dep
c:\workspace\iot_bbq\iot_bbq_stm32\visualgdb\debug\__bsp_root__\stm32l4xxxx\stm32l4xx_hal_driver\src\stm32l4xx_hal_ltdc_ex.dep
c:\workspace\iot_bbq\iot_bbq_stm32\visualgdb\debug\__bsp_root__\stm32l4xxxx\stm32l4xx_hal_driver\src\stm32l4xx_hal_mmc.dep
c:\workspace\iot_bbq\iot_bbq_stm32\visualgdb\debug\__bsp_root__\stm32l4xxxx\stm32l4xx_hal_driver\src\stm32l4xx_hal_mmc_ex.dep
c:\workspace\iot_bbq\iot_bbq_stm32\visualgdb\debug\__bsp_root__\stm32l4xxxx\stm32l4xx_hal_driver\src\stm32l4xx_hal_nand.dep
c:\workspace\iot_bbq\iot_bbq_stm32\visualgdb\debug\__bsp_root__\stm32l4xxxx\stm32l4xx_hal_driver\src\stm32l4xx_hal_nor.dep
c:\workspace\iot_bbq\iot_bbq_stm32\visualgdb\debug\__bsp_root__\stm32l4xxxx\stm32l4xx_hal_driver\src\stm32l4xx_hal_opamp.dep
c:\workspace\iot_bbq\iot_bbq_stm32\visualgdb\debug\__bsp_root__\stm32l4xxxx\stm32l4xx_hal_driver\src\stm32l4xx_hal_opamp_ex.dep
c:\workspace\iot_bbq\iot_bbq_stm32\visualgdb\debug\__bsp_root__\stm32l4xxxx\stm32l4xx_hal_driver\src\stm32l4xx_hal_ospi.dep
c:\workspace\iot_bbq\iot_bbq_stm32\visualgdb\debug\__bsp_root__\stm32l4xxxx\stm32l4xx_hal_driver\src\stm32l4xx_hal_pcd.dep
c:\workspace\iot_bbq\iot_bbq_stm32\visualgdb\debug\__bsp_root__\stm32l4xxxx\stm32l4xx_hal_driver\src\stm32l4xx_hal_pcd_ex.dep
c:\workspace\iot_bbq\iot_bbq_stm32\visualgdb\debug\__bsp_root__\stm32l4xxxx\stm32l4xx_hal_driver\src\stm32l4xx_hal_pka.dep
c:\workspace\iot_bbq\iot_bbq_stm32\visualgdb\debug\__bsp_root__\stm32l4xxxx\stm32l4xx_hal_driver\src\stm32l4xx_hal_pssi.dep
c:\workspace\iot_bbq\iot_bbq_stm32\visualgdb\debug\__bsp_root__\stm32l4xxxx\stm32l4xx_hal_driver\src\stm32l4xx_hal_pwr.dep
c:\workspace\iot_bbq\iot_bbq_stm32\visualgdb\debug\__bsp_root__\stm32l4xxxx\stm32l4xx_hal_driver\src\stm32l4xx_hal_pwr_ex.dep
c:\workspace\iot_bbq\iot_bbq_stm32\visualgdb\debug\__bsp_root__\stm32l4xxxx\stm32l4xx_hal_driver\src\stm32l4xx_hal_qspi.dep
c:\workspace\iot_bbq\iot_bbq_stm32\visualgdb\debug\__bsp_root__\stm32l4xxxx\stm32l4xx_hal_driver\src\stm32l4xx_hal_rcc.dep
c:\workspace\iot_bbq\iot_bbq_stm32\visualgdb\debug\__bsp_root__\stm32l4xxxx\stm32l4xx_hal_driver\src\stm32l4xx_hal_rcc_ex.dep
c:\workspace\iot_bbq\iot_bbq_stm32\visualgdb\debug\__bsp_root__\stm32l4xxxx\stm32l4xx_hal_driver\src\stm32l4xx_hal_rng.dep
c:\workspace\iot_bbq\iot_bbq_stm32\visualgdb\debug\__bsp_root__\stm32l4xxxx\stm32l4xx_hal_driver\src\stm32l4xx_hal_rng_ex.dep
c:\workspace\iot_bbq\iot_bbq_stm32\visualgdb\debug\__bsp_root__\stm32l4xxxx\stm32l4xx_hal_driver\src\stm32l4xx_hal_rtc.dep
c:\workspace\iot_bbq\iot_bbq_stm32\visualgdb\debug\__bsp_root__\stm32l4xxxx\stm32l4xx_hal_driver\src\stm32l4xx_hal_rtc_ex.dep
c:\workspace\iot_bbq\iot_bbq_stm32\visualgdb\debug\__bsp_root__\stm32l4xxxx\stm32l4xx_hal_driver\src\stm32l4xx_hal_sai.dep
c:\workspace\iot_bbq\iot_bbq_stm32\visualgdb\debug\__bsp_root__\stm32l4xxxx\stm32l4xx_hal_driver\src\stm32l4xx_hal_sai_ex.dep
c:\workspace\iot_bbq\iot_bbq_stm32\visualgdb\debug\__bsp_root__\stm32l4xxxx\stm32l4xx_hal_driver\src\stm32l4xx_hal_sd.dep
c:\workspace\iot_bbq\iot_bbq_stm32\visualgdb\debug\__bsp_root__\stm32l4xxxx\stm32l4xx_hal_driver\src\stm32l4xx_hal_sd_ex.dep
c:\workspace\iot_bbq\iot_bbq_stm32\visualgdb\debug\__bsp_root__\stm32l4xxxx\stm32l4xx_hal_driver\src\stm32l4xx_hal_smartcard.dep
c:\workspace\iot_bbq\iot_bbq_stm32\visualgdb\debug\__bsp_root__\stm32l4xxxx\stm32l4xx_hal_driver\src\stm32l4xx_hal_smartcard_ex.dep
c:\workspace\iot_bbq\iot_bbq_stm32\visualgdb\debug\__bsp_root__\stm32l4xxxx\stm32l4xx_hal_driver\src\stm32l4xx_hal_smbus.dep
c:\workspace\iot_bbq\iot_bbq_stm32\visualgdb\debug\__bsp_root__\stm32l4xxxx\stm32l4xx_hal_driver\src\stm32l4xx_hal_spi.dep
c:\workspace\iot_bbq\iot_bbq_stm32\visualgdb\debug\__bsp_root__\stm32l4xxxx\stm32l4xx_hal_driver\src\stm32l4xx_hal_spi_ex.dep
c:\workspace\iot_bbq\iot_bbq_stm32\visualgdb\debug\__bsp_root__\stm32l4xxxx\stm32l4xx_hal_driver\src\stm32l4xx_hal_sram.dep
c:\workspace\iot_bbq\iot_bbq_stm32\visualgdb\debug\__bsp_root__\stm32l4xxxx\stm32l4xx_hal_driver\src\stm32l4xx_hal_swpmi.dep
c:\workspace\iot_bbq\iot_bbq_stm32\visualgdb\debug\__bsp_root__\stm32l4xxxx\stm32l4xx_hal_driver\src\stm32l4xx_hal_tim.dep
c:\workspace\iot_bbq\iot_bbq_stm32\visualgdb\debug\__bsp_root__\stm32l4xxxx\stm32l4xx_hal_driver\src\stm32l4xx_hal_tim_ex.dep
c:\workspace\iot_bbq\iot_bbq_stm32\visualgdb\debug\__bsp_root__\stm32l4xxxx\stm32l4xx_hal_driver\src\stm32l4xx_hal_tsc.dep
c:\workspace\iot_bbq\iot_bbq_stm32\visualgdb\debug\__bsp_root__\stm32l4xxxx\stm32l4xx_hal_driver\src\stm32l4xx_hal_uart.dep
c:\workspace\iot_bbq\iot_bbq_stm32\visualgdb\debug\__bsp_root__\stm32l4xxxx\stm32l4xx_hal_driver\src\stm32l4xx_hal_uart_ex.dep
c:\workspace\iot_bbq\iot_bbq_stm32\visualgdb\debug\__bsp_root__\stm32l4xxxx\stm32l4xx_hal_driver\src\stm32l4xx_hal_usart.dep
c:\workspace\iot_bbq\iot_bbq_stm32\visualgdb\debug\__bsp_root__\stm32l4xxxx\stm32l4xx_hal_driver\src\stm32l4xx_hal_usart_ex.dep
c:\workspace\iot_bbq\iot_bbq_stm32\visualgdb\debug\__bsp_root__\stm32l4xxxx\stm32l4xx_hal_driver\src\stm32l4xx_hal_wwdg.dep
c:\workspace\iot_bbq\iot_bbq_stm32\visualgdb\debug\__bsp_root__\stm32l4xxxx\stm32l4xx_hal_driver\src\stm32l4xx_ll_adc.dep
c:\workspace\iot_bbq\iot_bbq_stm32\visualgdb\debug\__bsp_root__\stm32l4xxxx\stm32l4xx_hal_driver\src\stm32l4xx_ll_comp.dep
c:\workspace\iot_bbq\iot_bbq_stm32\visualgdb\debug\__bsp_root__\stm32l4xxxx\stm32l4xx_hal_driver\src\stm32l4xx_ll_crc.dep
c:\workspace\iot_bbq\iot_bbq_stm32\visualgdb\debug\__bsp_root__\stm32l4xxxx\stm32l4xx_hal_driver\src\stm32l4xx_ll_crs.dep
c:\workspace\iot_bbq\iot_bbq_stm32\visualgdb\debug\__bsp_root__\stm32l4xxxx\stm32l4xx_hal_driver\src\stm32l4xx_ll_dac.dep
c:\workspace\iot_bbq\iot_bbq_stm32\visualgdb\debug\__bsp_root__\stm32l4xxxx\stm32l4xx_hal_driver\src\stm32l4xx_ll_dma.dep
c:\workspace\iot_bbq\iot_bbq_stm32\visualgdb\debug\__bsp_root__\stm32l4xxxx\stm32l4xx_hal_driver\src\stm32l4xx_ll_dma2d.dep
c:\workspace\iot_bbq\iot_bbq_stm32\visualgdb\debug\__bsp_root__\stm32l4xxxx\stm32l4xx_hal_driver\src\stm32l4xx_ll_exti.dep
c:\workspace\iot_bbq\iot_bbq_stm32\visualgdb\debug\__bsp_root__\stm32l4xxxx\stm32l4xx_hal_driver\src\stm32l4xx_ll_fmc.dep
c:\workspace\iot_bbq\iot_bbq_stm32\visualgdb\debug\__bsp_root__\stm32l4xxxx\stm32l4xx_hal_driver\src\stm32l4xx_ll_gpio.dep
c:\workspace\iot_bbq\iot_bbq_stm32\visualgdb\debug\__bsp_root__\stm32l4xxxx\stm32l4xx_hal_driver\src\stm32l4xx_ll_i2c.dep
c:\workspace\iot_bbq\iot_bbq_stm32\visualgdb\debug\__bsp_root__\stm32l4xxxx\stm32l4xx_hal_driver\src\stm32l4xx_ll_lptim.dep
c:\workspace\iot_bbq\iot_bbq_stm32\visualgdb\debug\__bsp_root__\stm32l4xxxx\stm32l4xx_hal_driver\src\stm32l4xx_ll_lpuart.dep
c:\workspace\iot_bbq\iot_bbq_stm32\visualgdb\debug\__bsp_root__\stm32l4xxxx\stm32l4xx_hal_driver\src\stm32l4xx_ll_opamp.dep
c:\workspace\iot_bbq\iot_bbq_stm32\visualgdb\debug\__bsp_root__\stm32l4xxxx\stm32l4xx_hal_driver\src\stm32l4xx_ll_pka.dep
c:\workspace\iot_bbq\iot_bbq_stm32\visualgdb\debug\__bsp_root__\stm32l4xxxx\stm32l4xx_hal_driver\src\stm32l4xx_ll_pwr.dep
c:\workspace\iot_bbq\iot_bbq_stm32\visualgdb\debug\__bsp_root__\stm32l4xxxx\stm32l4xx_hal_driver\src\stm32l4xx_ll_rcc.dep
c:\workspace\iot_bbq\iot_bbq_stm32\visualgdb\debug\__bsp_root__\stm32l4xxxx\stm32l4xx_hal_driver\src\stm32l4xx_ll_rng.dep
c:\workspace\iot_bbq\iot_bbq_stm32\visualgdb\debug\__bsp_root__\stm32l4xxxx\stm32l4xx_hal_driver\src\stm32l4xx_ll_rtc.dep
c:\workspace\iot_bbq\iot_bbq_stm32\visualgdb\debug\__bsp_root__\stm32l4xxxx\stm32l4xx_hal_driver\src\stm32l4xx_ll_sdmmc.dep
c:\workspace\iot_bbq\iot_bbq_stm32\visualgdb\debug\__bsp_root__\stm32l4xxxx\stm32l4xx_hal_driver\src\stm32l4xx_ll_spi.dep
c:\workspace\iot_bbq\iot_bbq_stm32\visualgdb\debug\__bsp_root__\stm32l4xxxx\stm32l4xx_hal_driver\src\stm32l4xx_ll_swpmi.dep
c:\workspace\iot_bbq\iot_bbq_stm32\visualgdb\debug\__bsp_root__\stm32l4xxxx\stm32l4xx_hal_driver\src\stm32l4xx_ll_tim.dep
c:\workspace\iot_bbq\iot_bbq_stm32\visualgdb\debug\__bsp_root__\stm32l4xxxx\stm32l4xx_hal_driver\src\stm32l4xx_ll_usart.dep
c:\workspace\iot_bbq\iot_bbq_stm32\visualgdb\debug\__bsp_root__\stm32l4xxxx\stm32l4xx_hal_driver\src\stm32l4xx_ll_usb.dep
c:\workspace\iot_bbq\iot_bbq_stm32\visualgdb\debug\__bsp_root__\stm32l4xxxx\stm32l4xx_hal_driver\src\stm32l4xx_ll_utils.dep
c:\workspace\iot_bbq\iot_bbq_stm32\visualgdb\debug\__bsp_root__\stm32l4xxxx\stm32l4xx_hal_driver\src\stm32l4xx_hal.gcc.rsp
c:\workspace\iot_bbq\iot_bbq_stm32\visualgdb\debug\__bsp_root__\stm32l4xxxx\stm32l4xx_hal_driver\src\stm32l4xx_hal_adc.gcc.rsp
c:\workspace\iot_bbq\iot_bbq_stm32\visualgdb\debug\__bsp_root__\stm32l4xxxx\stm32l4xx_hal_driver\src\stm32l4xx_hal_adc_ex.gcc.rsp
c:\workspace\iot_bbq\iot_bbq_stm32\visualgdb\debug\__bsp_root__\stm32l4xxxx\stm32l4xx_hal_driver\src\stm32l4xx_hal_can.gcc.rsp
c:\workspace\iot_bbq\iot_bbq_stm32\visualgdb\debug\__bsp_root__\stm32l4xxxx\stm32l4xx_hal_driver\src\stm32l4xx_hal_comp.gcc.rsp
c:\workspace\iot_bbq\iot_bbq_stm32\visualgdb\debug\__bsp_root__\stm32l4xxxx\stm32l4xx_hal_driver\src\stm32l4xx_hal_cortex.gcc.rsp
c:\workspace\iot_bbq\iot_bbq_stm32\visualgdb\debug\__bsp_root__\stm32l4xxxx\stm32l4xx_hal_driver\src\stm32l4xx_hal_crc.gcc.rsp
c:\workspace\iot_bbq\iot_bbq_stm32\visualgdb\debug\__bsp_root__\stm32l4xxxx\stm32l4xx_hal_driver\src\stm32l4xx_hal_crc_ex.gcc.rsp
c:\workspace\iot_bbq\iot_bbq_stm32\visualgdb\debug\__bsp_root__\stm32l4xxxx\stm32l4xx_hal_driver\src\stm32l4xx_hal_cryp.gcc.rsp
c:\workspace\iot_bbq\iot_bbq_stm32\visualgdb\debug\__bsp_root__\stm32l4xxxx\stm32l4xx_hal_driver\src\stm32l4xx_hal_cryp_ex.gcc.rsp
c:\workspace\iot_bbq\iot_bbq_stm32\visualgdb\debug\__bsp_root__\stm32l4xxxx\stm32l4xx_hal_driver\src\stm32l4xx_hal_dac.gcc.rsp
c:\workspace\iot_bbq\iot_bbq_stm32\visualgdb\debug\__bsp_root__\stm32l4xxxx\stm32l4xx_hal_driver\src\stm32l4xx_hal_dac_ex.gcc.rsp
c:\workspace\iot_bbq\iot_bbq_stm32\visualgdb\debug\__bsp_root__\stm32l4xxxx\stm32l4xx_hal_driver\src\stm32l4xx_hal_dcmi.gcc.rsp
c:\workspace\iot_bbq\iot_bbq_stm32\visualgdb\debug\__bsp_root__\stm32l4xxxx\stm32l4xx_hal_driver\src\stm32l4xx_hal_dfsdm.gcc.rsp
c:\workspace\iot_bbq\iot_bbq_stm32\visualgdb\debug\__bsp_root__\stm32l4xxxx\stm32l4xx_hal_driver\src\stm32l4xx_hal_dfsdm_ex.gcc.rsp
c:\workspace\iot_bbq\iot_bbq_stm32\visualgdb\debug\__bsp_root__\stm32l4xxxx\stm32l4xx_hal_driver\src\stm32l4xx_hal_dma.gcc.rsp
c:\workspace\iot_bbq\iot_bbq_stm32\visualgdb\debug\__bsp_root__\stm32l4xxxx\stm32l4xx_hal_driver\src\stm32l4xx_hal_dma2d.gcc.rsp
c:\workspace\iot_bbq\iot_bbq_stm32\visualgdb\debug\__bsp_root__\stm32l4xxxx\stm32l4xx_hal_driver\src\stm32l4xx_hal_dma_ex.gcc.rsp
c:\workspace\iot_bbq\iot_bbq_stm32\visualgdb\debug\__bsp_root__\stm32l4xxxx\stm32l4xx_hal_driver\src\stm32l4xx_hal_dsi.gcc.rsp
c:\workspace\iot_bbq\iot_bbq_stm32\visualgdb\debug\__bsp_root__\stm32l4xxxx\stm32l4xx_hal_driver\src\stm32l4xx_hal_exti.gcc.rsp
c:\workspace\iot_bbq\iot_bbq_stm32\visualgdb\debug\__bsp_root__\stm32l4xxxx\stm32l4xx_hal_driver\src\stm32l4xx_hal_firewall.gcc.rsp
c:\workspace\iot_bbq\iot_bbq_stm32\visualgdb\debug\__bsp_root__\stm32l4xxxx\stm32l4xx_hal_driver\src\stm32l4xx_hal_flash.gcc.rsp
c:\workspace\iot_bbq\iot_bbq_stm32\visualgdb\debug\__bsp_root__\stm32l4xxxx\stm32l4xx_hal_driver\src\stm32l4xx_hal_flash_ex.gcc.rsp
c:\workspace\iot_bbq\iot_bbq_stm32\visualgdb\debug\__bsp_root__\stm32l4xxxx\stm32l4xx_hal_driver\src\stm32l4xx_hal_flash_ramfunc.gcc.rsp
c:\workspace\iot_bbq\iot_bbq_stm32\visualgdb\debug\__bsp_root__\stm32l4xxxx\stm32l4xx_hal_driver\src\stm32l4xx_hal_gfxmmu.gcc.rsp
c:\workspace\iot_bbq\iot_bbq_stm32\visualgdb\debug\__bsp_root__\stm32l4xxxx\stm32l4xx_hal_driver\src\stm32l4xx_hal_gpio.gcc.rsp
c:\workspace\iot_bbq\iot_bbq_stm32\visualgdb\debug\__bsp_root__\stm32l4xxxx\stm32l4xx_hal_driver\src\stm32l4xx_hal_hash.gcc.rsp
c:\workspace\iot_bbq\iot_bbq_stm32\visualgdb\debug\__bsp_root__\stm32l4xxxx\stm32l4xx_hal_driver\src\stm32l4xx_hal_hash_ex.gcc.rsp
c:\workspace\iot_bbq\iot_bbq_stm32\visualgdb\debug\__bsp_root__\stm32l4xxxx\stm32l4xx_hal_driver\src\stm32l4xx_hal_hcd.gcc.rsp
c:\workspace\iot_bbq\iot_bbq_stm32\visualgdb\debug\__bsp_root__\stm32l4xxxx\stm32l4xx_hal_driver\src\stm32l4xx_hal_i2c.gcc.rsp
c:\workspace\iot_bbq\iot_bbq_stm32\visualgdb\debug\__bsp_root__\stm32l4xxxx\stm32l4xx_hal_driver\src\stm32l4xx_hal_i2c_ex.gcc.rsp
c:\workspace\iot_bbq\iot_bbq_stm32\visualgdb\debug\__bsp_root__\stm32l4xxxx\stm32l4xx_hal_driver\src\stm32l4xx_hal_irda.gcc.rsp
c:\workspace\iot_bbq\iot_bbq_stm32\visualgdb\debug\__bsp_root__\stm32l4xxxx\stm32l4xx_hal_driver\src\stm32l4xx_hal_iwdg.gcc.rsp
c:\workspace\iot_bbq\iot_bbq_stm32\visualgdb\debug\__bsp_root__\stm32l4xxxx\stm32l4xx_hal_driver\src\stm32l4xx_hal_lcd.gcc.rsp
c:\workspace\iot_bbq\iot_bbq_stm32\visualgdb\debug\__bsp_root__\stm32l4xxxx\stm32l4xx_hal_driver\src\stm32l4xx_hal_lptim.gcc.rsp
c:\workspace\iot_bbq\iot_bbq_stm32\visualgdb\debug\__bsp_root__\stm32l4xxxx\stm32l4xx_hal_driver\src\stm32l4xx_hal_ltdc.gcc.rsp
c:\workspace\iot_bbq\iot_bbq_stm32\visualgdb\debug\__bsp_root__\stm32l4xxxx\stm32l4xx_hal_driver\src\stm32l4xx_hal_ltdc_ex.gcc.rsp
c:\workspace\iot_bbq\iot_bbq_stm32\visualgdb\debug\__bsp_root__\stm32l4xxxx\stm32l4xx_hal_driver\src\stm32l4xx_hal_mmc.gcc.rsp
c:\workspace\iot_bbq\iot_bbq_stm32\visualgdb\debug\__bsp_root__\stm32l4xxxx\stm32l4xx_hal_driver\src\stm32l4xx_hal_mmc_ex.gcc.rsp
c:\workspace\iot_bbq\iot_bbq_stm32\visualgdb\debug\__bsp_root__\stm32l4xxxx\stm32l4xx_hal_driver\src\stm32l4xx_hal_nand.gcc.rsp
c:\workspace\iot_bbq\iot_bbq_stm32\visualgdb\debug\__bsp_root__\stm32l4xxxx\stm32l4xx_hal_driver\src\stm32l4xx_hal_nor.gcc.rsp
c:\workspace\iot_bbq\iot_bbq_stm32\visualgdb\debug\__bsp_root__\stm32l4xxxx\stm32l4xx_hal_driver\src\stm32l4xx_hal_opamp.gcc.rsp
c:\workspace\iot_bbq\iot_bbq_stm32\visualgdb\debug\__bsp_root__\stm32l4xxxx\stm32l4xx_hal_driver\src\stm32l4xx_hal_opamp_ex.gcc.rsp
c:\workspace\iot_bbq\iot_bbq_stm32\visualgdb\debug\__bsp_root__\stm32l4xxxx\stm32l4xx_hal_driver\src\stm32l4xx_hal_ospi.gcc.rsp
c:\workspace\iot_bbq\iot_bbq_stm32\visualgdb\debug\__bsp_root__\stm32l4xxxx\stm32l4xx_hal_driver\src\stm32l4xx_hal_pcd.gcc.rsp
c:\workspace\iot_bbq\iot_bbq_stm32\visualgdb\debug\__bsp_root__\stm32l4xxxx\stm32l4xx_hal_driver\src\stm32l4xx_hal_pcd_ex.gcc.rsp
c:\workspace\iot_bbq\iot_bbq_stm32\visualgdb\debug\__bsp_root__\stm32l4xxxx\stm32l4xx_hal_driver\src\stm32l4xx_hal_pka.gcc.rsp
c:\workspace\iot_bbq\iot_bbq_stm32\visualgdb\debug\__bsp_root__\stm32l4xxxx\stm32l4xx_hal_driver\src\stm32l4xx_hal_pssi.gcc.rsp
c:\workspace\iot_bbq\iot_bbq_stm32\visualgdb\debug\__bsp_root__\stm32l4xxxx\stm32l4xx_hal_driver\src\stm32l4xx_hal_pwr.gcc.rsp
c:\workspace\iot_bbq\iot_bbq_stm32\visualgdb\debug\__bsp_root__\stm32l4xxxx\stm32l4xx_hal_driver\src\stm32l4xx_hal_pwr_ex.gcc.rsp
c:\workspace\iot_bbq\iot_bbq_stm32\visualgdb\debug\__bsp_root__\stm32l4xxxx\stm32l4xx_hal_driver\src\stm32l4xx_hal_qspi.gcc.rsp
c:\workspace\iot_bbq\iot_bbq_stm32\visualgdb\debug\__bsp_root__\stm32l4xxxx\stm32l4xx_hal_driver\src\stm32l4xx_hal_rcc.gcc.rsp
c:\workspace\iot_bbq\iot_bbq_stm32\visualgdb\debug\__bsp_root__\stm32l4xxxx\stm32l4xx_hal_driver\src\stm32l4xx_hal_rcc_ex.gcc.rsp
c:\workspace\iot_bbq\iot_bbq_stm32\visualgdb\debug\__bsp_root__\stm32l4xxxx\stm32l4xx_hal_driver\src\stm32l4xx_hal_rng.gcc.rsp
c:\workspace\iot_bbq\iot_bbq_stm32\visualgdb\debug\__bsp_root__\stm32l4xxxx\stm32l4xx_hal_driver\src\stm32l4xx_hal_rng_ex.gcc.rsp
c:\workspace\iot_bbq\iot_bbq_stm32\visualgdb\debug\__bsp_root__\stm32l4xxxx\stm32l4xx_hal_driver\src\stm32l4xx_hal_rtc.gcc.rsp
c:\workspace\iot_bbq\iot_bbq_stm32\visualgdb\debug\__bsp_root__\stm32l4xxxx\stm32l4xx_hal_driver\src\stm32l4xx_hal_rtc_ex.gcc.rsp
c:\workspace\iot_bbq\iot_bbq_stm32\visualgdb\debug\__bsp_root__\stm32l4xxxx\stm32l4xx_hal_driver\src\stm32l4xx_hal_sai.gcc.rsp
c:\workspace\iot_bbq\iot_bbq_stm32\visualgdb\debug\__bsp_root__\stm32l4xxxx\stm32l4xx_hal_driver\src\stm32l4xx_hal_sai_ex.gcc.rsp
c:\workspace\iot_bbq\iot_bbq_stm32\visualgdb\debug\__bsp_root__\stm32l4xxxx\stm32l4xx_hal_driver\src\stm32l4xx_hal_sd.gcc.rsp
c:\workspace\iot_bbq\iot_bbq_stm32\visualgdb\debug\__bsp_root__\stm32l4xxxx\stm32l4xx_hal_driver\src\stm32l4xx_hal_sd_ex.gcc.rsp
c:\workspace\iot_bbq\iot_bbq_stm32\visualgdb\debug\__bsp_root__\stm32l4xxxx\stm32l4xx_hal_driver\src\stm32l4xx_hal_smartcard.gcc.rsp
c:\workspace\iot_bbq\iot_bbq_stm32\visualgdb\debug\__bsp_root__\stm32l4xxxx\stm32l4xx_hal_driver\src\stm32l4xx_hal_smartcard_ex.gcc.rsp
c:\workspace\iot_bbq\iot_bbq_stm32\visualgdb\debug\__bsp_root__\stm32l4xxxx\stm32l4xx_hal_driver\src\stm32l4xx_hal_smbus.gcc.rsp
c:\workspace\iot_bbq\iot_bbq_stm32\visualgdb\debug\__bsp_root__\stm32l4xxxx\stm32l4xx_hal_driver\src\stm32l4xx_hal_spi.gcc.rsp
c:\workspace\iot_bbq\iot_bbq_stm32\visualgdb\debug\__bsp_root__\stm32l4xxxx\stm32l4xx_hal_driver\src\stm32l4xx_hal_spi_ex.gcc.rsp
c:\workspace\iot_bbq\iot_bbq_stm32\visualgdb\debug\__bsp_root__\stm32l4xxxx\stm32l4xx_hal_driver\src\stm32l4xx_hal_sram.gcc.rsp
c:\workspace\iot_bbq\iot_bbq_stm32\visualgdb\debug\__bsp_root__\stm32l4xxxx\stm32l4xx_hal_driver\src\stm32l4xx_hal_swpmi.gcc.rsp
c:\workspace\iot_bbq\iot_bbq_stm32\visualgdb\debug\__bsp_root__\stm32l4xxxx\stm32l4xx_hal_driver\src\stm32l4xx_hal_tim.gcc.rsp
c:\workspace\iot_bbq\iot_bbq_stm32\visualgdb\debug\__bsp_root__\stm32l4xxxx\stm32l4xx_hal_driver\src\stm32l4xx_hal_tim_ex.gcc.rsp
c:\workspace\iot_bbq\iot_bbq_stm32\visualgdb\debug\__bsp_root__\stm32l4xxxx\stm32l4xx_hal_driver\src\stm32l4xx_hal_tsc.gcc.rsp
c:\workspace\iot_bbq\iot_bbq_stm32\visualgdb\debug\__bsp_root__\stm32l4xxxx\stm32l4xx_hal_driver\src\stm32l4xx_hal_uart.gcc.rsp
c:\workspace\iot_bbq\iot_bbq_stm32\visualgdb\debug\__bsp_root__\stm32l4xxxx\stm32l4xx_hal_driver\src\stm32l4xx_hal_uart_ex.gcc.rsp
c:\workspace\iot_bbq\iot_bbq_stm32\visualgdb\debug\__bsp_root__\stm32l4xxxx\stm32l4xx_hal_driver\src\stm32l4xx_hal_usart.gcc.rsp
c:\workspace\iot_bbq\iot_bbq_stm32\visualgdb\debug\__bsp_root__\stm32l4xxxx\stm32l4xx_hal_driver\src\stm32l4xx_hal_usart_ex.gcc.rsp
c:\workspace\iot_bbq\iot_bbq_stm32\visualgdb\debug\__bsp_root__\stm32l4xxxx\stm32l4xx_hal_driver\src\stm32l4xx_hal_wwdg.gcc.rsp
c:\workspace\iot_bbq\iot_bbq_stm32\visualgdb\debug\__bsp_root__\stm32l4xxxx\stm32l4xx_hal_driver\src\stm32l4xx_ll_adc.gcc.rsp
c:\workspace\iot_bbq\iot_bbq_stm32\visualgdb\debug\__bsp_root__\stm32l4xxxx\stm32l4xx_hal_driver\src\stm32l4xx_ll_comp.gcc.rsp
c:\workspace\iot_bbq\iot_bbq_stm32\visualgdb\debug\__bsp_root__\stm32l4xxxx\stm32l4xx_hal_driver\src\stm32l4xx_ll_crc.gcc.rsp
c:\workspace\iot_bbq\iot_bbq_stm32\visualgdb\debug\__bsp_root__\stm32l4xxxx\stm32l4xx_hal_driver\src\stm32l4xx_ll_crs.gcc.rsp
c:\workspace\iot_bbq\iot_bbq_stm32\visualgdb\debug\__bsp_root__\stm32l4xxxx\stm32l4xx_hal_driver\src\stm32l4xx_ll_dac.gcc.rsp
c:\workspace\iot_bbq\iot_bbq_stm32\visualgdb\debug\__bsp_root__\stm32l4xxxx\stm32l4xx_hal_driver\src\stm32l4xx_ll_dma.gcc.rsp
c:\workspace\iot_bbq\iot_bbq_stm32\visualgdb\debug\__bsp_root__\stm32l4xxxx\stm32l4xx_hal_driver\src\stm32l4xx_ll_dma2d.gcc.rsp
c:\workspace\iot_bbq\iot_bbq_stm32\visualgdb\debug\__bsp_root__\stm32l4xxxx\stm32l4xx_hal_driver\src\stm32l4xx_ll_exti.gcc.rsp
c:\workspace\iot_bbq\iot_bbq_stm32\visualgdb\debug\__bsp_root__\stm32l4xxxx\stm32l4xx_hal_driver\src\stm32l4xx_ll_fmc.gcc.rsp
c:\workspace\iot_bbq\iot_bbq_stm32\visualgdb\debug\__bsp_root__\stm32l4xxxx\stm32l4xx_hal_driver\src\stm32l4xx_ll_gpio.gcc.rsp
c:\workspace\iot_bbq\iot_bbq_stm32\visualgdb\debug\__bsp_root__\stm32l4xxxx\stm32l4xx_hal_driver\src\stm32l4xx_ll_i2c.gcc.rsp
c:\workspace\iot_bbq\iot_bbq_stm32\visualgdb\debug\__bsp_root__\stm32l4xxxx\stm32l4xx_hal_driver\src\stm32l4xx_ll_lptim.gcc.rsp
c:\workspace\iot_bbq\iot_bbq_stm32\visualgdb\debug\__bsp_root__\stm32l4xxxx\stm32l4xx_hal_driver\src\stm32l4xx_ll_lpuart.gcc.rsp
c:\workspace\iot_bbq\iot_bbq_stm32\visualgdb\debug\__bsp_root__\stm32l4xxxx\stm32l4xx_hal_driver\src\stm32l4xx_ll_opamp.gcc.rsp
c:\workspace\iot_bbq\iot_bbq_stm32\visualgdb\debug\__bsp_root__\stm32l4xxxx\stm32l4xx_hal_driver\src\stm32l4xx_ll_pka.gcc.rsp
c:\workspace\iot_bbq\iot_bbq_stm32\visualgdb\debug\__bsp_root__\stm32l4xxxx\stm32l4xx_hal_driver\src\stm32l4xx_ll_pwr.gcc.rsp
c:\workspace\iot_bbq\iot_bbq_stm32\visualgdb\debug\__bsp_root__\stm32l4xxxx\stm32l4xx_hal_driver\src\stm32l4xx_ll_rcc.gcc.rsp
c:\workspace\iot_bbq\iot_bbq_stm32\visualgdb\debug\__bsp_root__\stm32l4xxxx\stm32l4xx_hal_driver\src\stm32l4xx_ll_rng.gcc.rsp
c:\workspace\iot_bbq\iot_bbq_stm32\visualgdb\debug\__bsp_root__\stm32l4xxxx\stm32l4xx_hal_driver\src\stm32l4xx_ll_rtc.gcc.rsp
c:\workspace\iot_bbq\iot_bbq_stm32\visualgdb\debug\__bsp_root__\stm32l4xxxx\stm32l4xx_hal_driver\src\stm32l4xx_ll_sdmmc.gcc.rsp
c:\workspace\iot_bbq\iot_bbq_stm32\visualgdb\debug\__bsp_root__\stm32l4xxxx\stm32l4xx_hal_driver\src\stm32l4xx_ll_spi.gcc.rsp
c:\workspace\iot_bbq\iot_bbq_stm32\visualgdb\debug\__bsp_root__\stm32l4xxxx\stm32l4xx_hal_driver\src\stm32l4xx_ll_swpmi.gcc.rsp
c:\workspace\iot_bbq\iot_bbq_stm32\visualgdb\debug\__bsp_root__\stm32l4xxxx\stm32l4xx_hal_driver\src\stm32l4xx_ll_tim.gcc.rsp
c:\workspace\iot_bbq\iot_bbq_stm32\visualgdb\debug\__bsp_root__\stm32l4xxxx\stm32l4xx_hal_driver\src\stm32l4xx_ll_usart.gcc.rsp
c:\workspace\iot_bbq\iot_bbq_stm32\visualgdb\debug\__bsp_root__\stm32l4xxxx\stm32l4xx_hal_driver\src\stm32l4xx_ll_usb.gcc.rsp
c:\workspace\iot_bbq\iot_bbq_stm32\visualgdb\debug\__bsp_root__\stm32l4xxxx\stm32l4xx_hal_driver\src\stm32l4xx_ll_utils.gcc.rsp
